00:20:26 **** Build of configuration Default for project LPC1768 ****
 all 
"all" terminated with exit code 127. Build might be incomplete.
00:20:47 **** Incremental Build of configuration Default for project LPC1768 ****
 all 
"all" terminated with exit code 127. Build might be incomplete.
00:20:48 **** Incremental Build of configuration Default for project LPC1768 ****
 all 
"all" terminated with exit code 127. Build might be incomplete.
00:20:48 **** Incremental Build of configuration Default for project LPC1768 ****
 all 
"all" terminated with exit code 127. Build might be incomplete.
00:21:34 **** Incremental Build of configuration Default for project LPC1768 ****
 all 
"all" terminated with exit code 127. Build might be incomplete.
00:22:23 **** Incremental Build of configuration Default for project LPC1768 ****
 all 
"all" terminated with exit code 127. Build might be incomplete.
00:22:25 **** Incremental Build of configuration Default for project LPC1768 ****
 all 
"all" terminated with exit code 127. Build might be incomplete.
00:22:48 **** Incremental Build of configuration Default for project LPC1768 ****
 all 
"all" terminated with exit code 127. Build might be incomplete.
00:22:49 **** Incremental Build of configuration Default for project LPC1768 ****
 all 
"all" terminated with exit code 127. Build might be incomplete.
00:22:50 **** Incremental Build of configuration Default for project LPC1768 ****
 all 
"all" terminated with exit code 127. Build might be incomplete.
00:23:40 **** Incremental Build of configuration Default for project LPC1768 ****
 all 
"all" terminated with exit code 127. Build might be incomplete.
00:23:41 **** Incremental Build of configuration Default for project LPC1768 ****
 all 
"all" terminated with exit code 127. Build might be incomplete.
00:23:42 **** Incremental Build of configuration Default for project LPC1768 ****
 all 
"all" terminated with exit code 127. Build might be incomplete.
00:23:42 **** Incremental Build of configuration Default for project LPC1768 ****
 all 
"all" terminated with exit code 127. Build might be incomplete.
00:31:39 **** Incremental Build of configuration Default for project LPC1768 ****
 all 
"all" terminated with exit code 127. Build might be incomplete.
00:32:27 **** Incremental Build of configuration Default for project LPC1768 ****
 all 
"all" terminated with exit code 127. Build might be incomplete.
00:32:28 **** Incremental Build of configuration Default for project LPC1768 ****
 all 
"all" terminated with exit code 127. Build might be incomplete.
00:32:29 **** Incremental Build of configuration Default for project LPC1768 ****
 all 
"all" terminated with exit code 127. Build might be incomplete.
00:32:29 **** Incremental Build of configuration Default for project LPC1768 ****
 all 
"all" terminated with exit code 127. Build might be incomplete.
00:32:29 **** Incremental Build of configuration Default for project LPC1768 ****
 all 
"all" terminated with exit code 127. Build might be incomplete.
00:32:29 **** Incremental Build of configuration Default for project LPC1768 ****
 all 
"all" terminated with exit code 127. Build might be incomplete.
00:32:29 **** Incremental Build of configuration Default for project LPC1768 ****
 all 
"all" terminated with exit code 127. Build might be incomplete.
00:33:00 **** Incremental Build of configuration Default for project LPC1768 ****
 all 
"all" terminated with exit code 127. Build might be incomplete.
00:34:36 **** Incremental Build of configuration Default for project LPC1768 ****
 all 
"all" terminated with exit code 127. Build might be incomplete.
00:34:37 **** Incremental Build of configuration Default for project LPC1768 ****
 all 
"all" terminated with exit code 127. Build might be incomplete.
00:34:38 **** Incremental Build of configuration Default for project LPC1768 ****
 all 
"all" terminated with exit code 127. Build might be incomplete.
00:34:39 **** Incremental Build of configuration Default for project LPC1768 ****
 all 
"all" terminated with exit code 127. Build might be incomplete.
00:34:40 **** Incremental Build of configuration Default for project LPC1768 ****
 all 
"all" terminated with exit code 127. Build might be incomplete.
00:36:26 **** Incremental Build of configuration Default for project LPC1768 ****
make all 
Cannot run program "make": Unknown reason

Error: Program "make" not found in PATH
PATH=[/Users/khoahuynh/Library/xPacks/@xpack-dev-tools/arm-none-eabi-gcc/9.2.1-1.1.1/.content/bin]
00:36:27 **** Incremental Build of configuration Default for project LPC1768 ****
make all 
Cannot run program "make": Unknown reason

Error: Program "make" not found in PATH
PATH=[/Users/khoahuynh/Library/xPacks/@xpack-dev-tools/arm-none-eabi-gcc/9.2.1-1.1.1/.content/bin]
00:36:28 **** Incremental Build of configuration Default for project LPC1768 ****
make all 
Cannot run program "make": Unknown reason

Error: Program "make" not found in PATH
PATH=[/Users/khoahuynh/Library/xPacks/@xpack-dev-tools/arm-none-eabi-gcc/9.2.1-1.1.1/.content/bin]
00:42:54 **** Incremental Build of configuration Default for project LPC1768 ****
make all 
Cannot run program "make": Unknown reason

Error: Program "make" not found in PATH
PATH=[/Users/khoahuynh/Library/xPacks/@xpack-dev-tools/arm-none-eabi-gcc/9.2.1-1.1.1/.content/bin]
00:42:55 **** Incremental Build of configuration Default for project LPC1768 ****
make all 
Cannot run program "make": Unknown reason

Error: Program "make" not found in PATH
PATH=[/Users/khoahuynh/Library/xPacks/@xpack-dev-tools/arm-none-eabi-gcc/9.2.1-1.1.1/.content/bin]
00:42:55 **** Incremental Build of configuration Default for project LPC1768 ****
make all 
Cannot run program "make": Unknown reason

Error: Program "make" not found in PATH
PATH=[/Users/khoahuynh/Library/xPacks/@xpack-dev-tools/arm-none-eabi-gcc/9.2.1-1.1.1/.content/bin]
00:42:56 **** Incremental Build of configuration Default for project LPC1768 ****
make all 
Cannot run program "make": Unknown reason

Error: Program "make" not found in PATH
PATH=[/Users/khoahuynh/Library/xPacks/@xpack-dev-tools/arm-none-eabi-gcc/9.2.1-1.1.1/.content/bin]
00:42:56 **** Incremental Build of configuration Default for project LPC1768 ****
make all 
Cannot run program "make": Unknown reason

Error: Program "make" not found in PATH
PATH=[/Users/khoahuynh/Library/xPacks/@xpack-dev-tools/arm-none-eabi-gcc/9.2.1-1.1.1/.content/bin]
00:43:53 **** Incremental Build of configuration Default for project LPC1768 ****
make all 
Compile: main.cpp
link: Nucleo_blink_led.elf
arm-none-eabi-objcopy -O binary Nucleo_blink_led.elf Nucleo_blink_led.bin
===== bin file ready to flash: BUILD/Nucleo_blink_led.bin =====
arm-none-eabi-objcopy -O ihex Nucleo_blink_led.elf Nucleo_blink_led.hex
00:46:50 **** Incremental Build of configuration Default for project LPC1768 ****
make all 
Compile: main.cpp
link: Nucleo_blink_led.elf
arm-none-eabi-objcopy -O binary Nucleo_blink_led.elf Nucleo_blink_led.bin
===== bin file ready to flash: BUILD/Nucleo_blink_led.bin =====
arm-none-eabi-objcopy -O ihex Nucleo_blink_led.elf Nucleo_blink_led.hex
00:48:31 **** Incremental Build of configuration Default for project LPC1768 ****
make all 
Compile: main.cpp
link: Nucleo_blink_led.elf
arm-none-eabi-objcopy -O binary Nucleo_blink_led.elf Nucleo_blink_led.bin
===== bin file ready to flash: BUILD/Nucleo_blink_led.bin =====
arm-none-eabi-objcopy -O ihex Nucleo_blink_led.elf Nucleo_blink_led.hex
00:49:15 **** Incremental Build of configuration Default for project LPC1768 ****
make all 
Compile: main.cpp
link: Nucleo_blink_led.elf
arm-none-eabi-objcopy -O binary Nucleo_blink_led.elf Nucleo_blink_led.bin
===== bin file ready to flash: BUILD/Nucleo_blink_led.bin =====
arm-none-eabi-objcopy -O ihex Nucleo_blink_led.elf Nucleo_blink_led.hex
00:50:06 **** Incremental Build of configuration Default for project LPC1768 ****
make all 
Compile: main.cpp
link: Nucleo_blink_led.elf
arm-none-eabi-objcopy -O binary Nucleo_blink_led.elf Nucleo_blink_led.bin
===== bin file ready to flash: BUILD/Nucleo_blink_led.bin =====
arm-none-eabi-objcopy -O ihex Nucleo_blink_led.elf Nucleo_blink_led.hex
00:50:39 **** Incremental Build of configuration Default for project LPC1768 ****
make all 
Compile: main.cpp
link: Nucleo_blink_led.elf
arm-none-eabi-objcopy -O binary Nucleo_blink_led.elf Nucleo_blink_led.bin
===== bin file ready to flash: BUILD/Nucleo_blink_led.bin =====
arm-none-eabi-objcopy -O ihex Nucleo_blink_led.elf Nucleo_blink_led.hex
00:52:04 **** Incremental Build of configuration Default for project LPC1768 ****
make all 
Compile: main.cpp
link: Nucleo_blink_led.elf
arm-none-eabi-objcopy -O binary Nucleo_blink_led.elf Nucleo_blink_led.bin
===== bin file ready to flash: BUILD/Nucleo_blink_led.bin =====
arm-none-eabi-objcopy -O ihex Nucleo_blink_led.elf Nucleo_blink_led.hex
00:52:18 **** Incremental Build of configuration Default for project LPC1768 ****
make all 
Compile: main.cpp
link: Nucleo_blink_led.elf
arm-none-eabi-objcopy -O binary Nucleo_blink_led.elf Nucleo_blink_led.bin
===== bin file ready to flash: BUILD/Nucleo_blink_led.bin =====
arm-none-eabi-objcopy -O ihex Nucleo_blink_led.elf Nucleo_blink_led.hex
00:52:23 **** Incremental Build of configuration Default for project LPC1768 ****
make all 
Compile: main.cpp
link: Nucleo_blink_led.elf
arm-none-eabi-objcopy -O binary Nucleo_blink_led.elf Nucleo_blink_led.bin
===== bin file ready to flash: BUILD/Nucleo_blink_led.bin =====
arm-none-eabi-objcopy -O ihex Nucleo_blink_led.elf Nucleo_blink_led.hex
00:52:33 **** Incremental Build of configuration Default for project LPC1768 ****
make all 
Compile: main.cpp
link: Nucleo_blink_led.elf
arm-none-eabi-objcopy -O binary Nucleo_blink_led.elf Nucleo_blink_led.bin
===== bin file ready to flash: BUILD/Nucleo_blink_led.bin =====
arm-none-eabi-objcopy -O ihex Nucleo_blink_led.elf Nucleo_blink_led.hex
00:54:52 **** Incremental Build of configuration Default for project LPC1768 ****
make all 
Compile: main.cpp
link: Nucleo_blink_led.elf
arm-none-eabi-objcopy -O binary Nucleo_blink_led.elf Nucleo_blink_led.bin
===== bin file ready to flash: BUILD/Nucleo_blink_led.bin =====
arm-none-eabi-objcopy -O ihex Nucleo_blink_led.elf Nucleo_blink_led.hex
00:56:50 **** Incremental Build of configuration Default for project LPC1768 ****
make all 
Compile: main.cpp
link: Nucleo_blink_led.elf
arm-none-eabi-objcopy -O binary Nucleo_blink_led.elf Nucleo_blink_led.bin
===== bin file ready to flash: BUILD/Nucleo_blink_led.bin =====
arm-none-eabi-objcopy -O ihex Nucleo_blink_led.elf Nucleo_blink_led.hex
01:06:24 **** Incremental Build of configuration Default for project LPC1768 ****
make all 
Compile: main.cpp
link: Nucleo_blink_led.elf
arm-none-eabi-objcopy -O binary Nucleo_blink_led.elf Nucleo_blink_led.bin
===== bin file ready to flash: BUILD/Nucleo_blink_led.bin =====
arm-none-eabi-objcopy -O ihex Nucleo_blink_led.elf Nucleo_blink_led.hex
01:09:34 **** Incremental Build of configuration Default for project LPC1768 ****
make all 
Compile: main.cpp
link: Nucleo_blink_led.elf
arm-none-eabi-objcopy -O binary Nucleo_blink_led.elf Nucleo_blink_led.bin
===== bin file ready to flash: BUILD/Nucleo_blink_led.bin =====
arm-none-eabi-objcopy -O ihex Nucleo_blink_led.elf Nucleo_blink_led.hex
02:08:50 **** Incremental Build of configuration Default for project LPC1768 ****
make all 
Compile: main.cpp
link: Nucleo_blink_led.elf
arm-none-eabi-objcopy -O binary Nucleo_blink_led.elf Nucleo_blink_led.bin
===== bin file ready to flash: BUILD/Nucleo_blink_led.bin =====
arm-none-eabi-objcopy -O ihex Nucleo_blink_led.elf Nucleo_blink_led.hex
02:09:05 **** Incremental Build of configuration Default for project LPC1768 ****
make all 
Compile: main.cpp
link: Nucleo_blink_led.elf
arm-none-eabi-objcopy -O binary Nucleo_blink_led.elf Nucleo_blink_led.bin
===== bin file ready to flash: BUILD/Nucleo_blink_led.bin =====
arm-none-eabi-objcopy -O ihex Nucleo_blink_led.elf Nucleo_blink_led.hex
02:10:00 **** Incremental Build of configuration Default for project LPC1768 ****
make all 
Compile: main.cpp
link: Nucleo_blink_led.elf
arm-none-eabi-objcopy -O binary Nucleo_blink_led.elf Nucleo_blink_led.bin
===== bin file ready to flash: BUILD/Nucleo_blink_led.bin =====
arm-none-eabi-objcopy -O ihex Nucleo_blink_led.elf Nucleo_blink_led.hex
02:10:33 **** Incremental Build of configuration Default for project LPC1768 ****
make all 
Compile: main.cpp
link: Nucleo_blink_led.elf
arm-none-eabi-objcopy -O binary Nucleo_blink_led.elf Nucleo_blink_led.bin
===== bin file ready to flash: BUILD/Nucleo_blink_led.bin =====
arm-none-eabi-objcopy -O ihex Nucleo_blink_led.elf Nucleo_blink_led.hex
02:11:14 **** Incremental Build of configuration Default for project LPC1768 ****
make all 
Compile: main.cpp
link: Nucleo_blink_led.elf
arm-none-eabi-objcopy -O binary Nucleo_blink_led.elf Nucleo_blink_led.bin
===== bin file ready to flash: BUILD/Nucleo_blink_led.bin =====
arm-none-eabi-objcopy -O ihex Nucleo_blink_led.elf Nucleo_blink_led.hex
02:21:55 **** Incremental Build of configuration Default for project LPC1768 ****
make all 
Compile: main.cpp
link: Nucleo_blink_led.elf
arm-none-eabi-objcopy -O binary Nucleo_blink_led.elf Nucleo_blink_led.bin
===== bin file ready to flash: BUILD/Nucleo_blink_led.bin =====
arm-none-eabi-objcopy -O ihex Nucleo_blink_led.elf Nucleo_blink_led.hex
02:27:39 **** Incremental Build of configuration Default for project LPC1768 ****
make all 
Compile: main.cpp
link: Nucleo_blink_led.elf
arm-none-eabi-objcopy -O binary Nucleo_blink_led.elf Nucleo_blink_led.bin
===== bin file ready to flash: BUILD/Nucleo_blink_led.bin =====
arm-none-eabi-objcopy -O ihex Nucleo_blink_led.elf Nucleo_blink_led.hex
02:28:00 **** Incremental Build of configuration Default for project LPC1768 ****
make all 
Compile: main.cpp
link: Nucleo_blink_led.elf
arm-none-eabi-objcopy -O binary Nucleo_blink_led.elf Nucleo_blink_led.bin
===== bin file ready to flash: BUILD/Nucleo_blink_led.bin =====
arm-none-eabi-objcopy -O ihex Nucleo_blink_led.elf Nucleo_blink_led.hex
02:28:36 **** Incremental Build of configuration Default for project LPC1768 ****
make all 
Compile: main.cpp
link: Nucleo_blink_led.elf
arm-none-eabi-objcopy -O binary Nucleo_blink_led.elf Nucleo_blink_led.bin
===== bin file ready to flash: BUILD/Nucleo_blink_led.bin =====
arm-none-eabi-objcopy -O ihex Nucleo_blink_led.elf Nucleo_blink_led.hex
02:30:47 **** Incremental Build of configuration Default for project LPC1768 ****
make all 
Compile: main.cpp
link: Nucleo_blink_led.elf
arm-none-eabi-objcopy -O binary Nucleo_blink_led.elf Nucleo_blink_led.bin
===== bin file ready to flash: BUILD/Nucleo_blink_led.bin =====
arm-none-eabi-objcopy -O ihex Nucleo_blink_led.elf Nucleo_blink_led.hex
02:31:26 **** Incremental Build of configuration Default for project LPC1768 ****
make all 
Compile: main.cpp
link: Nucleo_blink_led.elf
arm-none-eabi-objcopy -O binary Nucleo_blink_led.elf Nucleo_blink_led.bin
===== bin file ready to flash: BUILD/Nucleo_blink_led.bin =====
arm-none-eabi-objcopy -O ihex Nucleo_blink_led.elf Nucleo_blink_led.hex
02:31:47 **** Incremental Build of configuration Default for project LPC1768 ****
make all 
Compile: main.cpp
link: Nucleo_blink_led.elf
arm-none-eabi-objcopy -O binary Nucleo_blink_led.elf Nucleo_blink_led.bin
===== bin file ready to flash: BUILD/Nucleo_blink_led.bin =====
arm-none-eabi-objcopy -O ihex Nucleo_blink_led.elf Nucleo_blink_led.hex
02:32:52 **** Incremental Build of configuration Default for project LPC1768 ****
make all 
Compile: main.cpp
link: Nucleo_blink_led.elf
arm-none-eabi-objcopy -O binary Nucleo_blink_led.elf Nucleo_blink_led.bin
===== bin file ready to flash: BUILD/Nucleo_blink_led.bin =====
arm-none-eabi-objcopy -O ihex Nucleo_blink_led.elf Nucleo_blink_led.hex
02:33:23 **** Incremental Build of configuration Default for project LPC1768 ****
make all 
Compile: main.cpp
link: Nucleo_blink_led.elf
arm-none-eabi-objcopy -O binary Nucleo_blink_led.elf Nucleo_blink_led.bin
===== bin file ready to flash: BUILD/Nucleo_blink_led.bin =====
arm-none-eabi-objcopy -O ihex Nucleo_blink_led.elf Nucleo_blink_led.hex
02:34:42 **** Incremental Build of configuration Default for project LPC1768 ****
make all 
Compile: main.cpp
link: Nucleo_blink_led.elf
arm-none-eabi-objcopy -O binary Nucleo_blink_led.elf Nucleo_blink_led.bin
===== bin file ready to flash: BUILD/Nucleo_blink_led.bin =====
arm-none-eabi-objcopy -O ihex Nucleo_blink_led.elf Nucleo_blink_led.hex
12:49:14 **** Incremental Build of configuration Default for project LPC1768 ****
make all 
Compile: main.cpp
link: Nucleo_blink_led.elf
arm-none-eabi-objcopy -O binary Nucleo_blink_led.elf Nucleo_blink_led.bin
===== bin file ready to flash: BUILD/Nucleo_blink_led.bin =====
arm-none-eabi-objcopy -O ihex Nucleo_blink_led.elf Nucleo_blink_led.hex
12:52:28 **** Incremental Build of configuration Default for project LPC1768 ****
make all 
make[1]: Nothing to be done for `all'.
12:54:06 **** Incremental Build of configuration Default for project LPC1768 ****
make all 
make[1]: Nothing to be done for `all'.
12:54:34 **** Incremental Build of configuration Default for project LPC1768 ****
make all 
make[1]: Nothing to be done for `all'.
12:56:32 **** Incremental Build of configuration Default for project LPC1768 ****
make all 
make[1]: Nothing to be done for `all'.
12:57:13 **** Incremental Build of configuration Default for project LPC1768 ****
make all 
Compile: main.cpp
link: Nucleo_blink_led.elf
arm-none-eabi-objcopy -O binary Nucleo_blink_led.elf Nucleo_blink_led.bin
===== bin file ready to flash: BUILD/Nucleo_blink_led.bin =====
arm-none-eabi-objcopy -O ihex Nucleo_blink_led.elf Nucleo_blink_led.hex
12:57:15 **** Incremental Build of configuration Default for project LPC1768 ****
make all 
make[1]: Nothing to be done for `all'.
12:57:55 **** Incremental Build of configuration Default for project LPC1768 ****
make all 
make[1]: Nothing to be done for `all'.
12:57:57 **** Incremental Build of configuration Default for project LPC1768 ****
make all 
Compile: main.cpp
link: Nucleo_blink_led.elf
arm-none-eabi-objcopy -O binary Nucleo_blink_led.elf Nucleo_blink_led.bin
===== bin file ready to flash: BUILD/Nucleo_blink_led.bin =====
arm-none-eabi-objcopy -O ihex Nucleo_blink_led.elf Nucleo_blink_led.hex
12:57:59 **** Incremental Build of configuration Default for project LPC1768 ****
make all 
make[1]: Nothing to be done for `all'.
12:59:32 **** Incremental Build of configuration Default for project LPC1768 ****
make all 
Compile: main.cpp
link: Nucleo_blink_led.elf
arm-none-eabi-objcopy -O binary Nucleo_blink_led.elf Nucleo_blink_led.bin
===== bin file ready to flash: BUILD/Nucleo_blink_led.bin =====
arm-none-eabi-objcopy -O ihex Nucleo_blink_led.elf Nucleo_blink_led.hex
12:59:34 **** Incremental Build of configuration Default for project LPC1768 ****
make all 
make[1]: Nothing to be done for `all'.
13:04:13 **** Incremental Build of configuration Default for project LPC1768 ****
make all 
make[1]: Nothing to be done for `all'.
13:08:16 **** Incremental Build of configuration Default for project LPC1768 ****
make all 
make[1]: Nothing to be done for `all'.
13:08:51 **** Incremental Build of configuration Default for project LPC1768 ****
make all 
make[1]: Nothing to be done for `all'.
13:10:18 **** Incremental Build of configuration Default for project LPC1768 ****
make all 
make[1]: Nothing to be done for `all'.
13:20:52 **** Build of configuration Default for project Nucleo_blink_led ****
make all 
make[1]: Nothing to be done for `all'.
13:23:51 **** Build of configuration Debug for project Nucleo_blink_led ****
make -j11 all 
Building file: ../main.cpp
/bin/sh: arm-none-eabi-cpp: command not found
"arm-none-eabi-cpp" -E -P -DMBED_DEBUG -DMBED_TRAP_ERRORS_ENABLED=1 -DMBED_ROM_START=0x0 -DMBED_ROM_SIZE=0x80000 -DMBED_RAM1_START=0x2007c000 -DMBED_RAM1_SIZE=0x8000 -DMBED_RAM_START=0x10000000 -DMBED_RAM_SIZE=0x8000 -Wl,-n -DMBED_ROM_START=0x0 -DMBED_ROM_SIZE=0x80000 -DMBED_RAM1_START=0x2007c000 -DMBED_RAM1_SIZE=0x8000 -DMBED_RAM_START=0x10000000 -DMBED_RAM_SIZE=0x8000 -DMBED_BOOT_STACK_SIZE=4096 -DXIP_ENABLE=0 -Wl,--start-group -lstdc++ -lsupc++ -lm -lc -lgcc -lnosys -Wl,--end-group ../mbed/TARGET_LPC1768/TOOLCHAIN_GCC_ARM/LPC1768.ld -o linker-script-debug.ld
"arm-none-eabi-cpp" -E -P -DMBED_TRAP_ERRORS_ENABLED=1 -DMBED_ROM_START=0x0 -DMBED_ROM_SIZE=0x80000 -DMBED_RAM1_START=0x2007c000 -DMBED_RAM1_SIZE=0x8000 -DMBED_RAM_START=0x10000000 -DMBED_RAM_SIZE=0x8000 -Wl,-n -DMBED_ROM_START=0x0 -DMBED_ROM_SIZE=0x80000 -DMBED_RAM1_START=0x2007c000 -DMBED_RAM1_SIZE=0x8000 -DMBED_RAM_START=0x10000000 -DMBED_RAM_SIZE=0x8000 -DMBED_BOOT_STACK_SIZE=4096 -DXIP_ENABLE=0 -Wl,--start-group -lstdc++ -lsupc++ -lm -lc -lgcc -lnosys -Wl,--end-group ../mbed/TARGET_LPC1768/TOOLCHAIN_GCC_ARM/LPC1768.ld -o linker-script-develop.ld
make: *** [linker-script-debug.ld] Error 127
"arm-none-eabi-cpp" -E -P -DNDEBUG -DMBED_ROM_START=0x0 -DMBED_ROM_SIZE=0x80000 -DMBED_RAM1_START=0x2007c000 -DMBED_RAM1_SIZE=0x8000 -DMBED_RAM_START=0x10000000 -DMBED_RAM_SIZE=0x8000 -Wl,-n -DMBED_ROM_START=0x0 -DMBED_ROM_SIZE=0x80000 -DMBED_RAM1_START=0x2007c000 -DMBED_RAM1_SIZE=0x8000 -DMBED_RAM_START=0x10000000 -DMBED_RAM_SIZE=0x8000 -DMBED_BOOT_STACK_SIZE=4096 -DXIP_ENABLE=0 -Wl,--start-group -lstdc++ -lsupc++ -lm -lc -lgcc -lnosys -Wl,--end-group ../mbed/TARGET_LPC1768/TOOLCHAIN_GCC_ARM/LPC1768.ld -o linker-script-release.ld
Invoking: Cross ARM C++ Compiler
make: *** Waiting for unfinished jobs....
/bin/sh: arm-none-eabi-cpp: command not found
make: *** [linker-script-release.ld] Error 127
arm-none-eabi-g++ -mcpu=cortex-m3 -mthumb -Og -fmessage-length=0 -ffunction-sections -fdata-sections -funsigned-char -fno-delete-null-pointer-checks -fomit-frame-pointer -Wall -Wextra -Wno-unused-parameter -Wno-missing-field-initializers  -g3 -DDEVICE_EMAC=1 -DCOMPONENT_NSPE=1 -D__MBED_CMSIS_RTOS_CM -DDEVICE_DEBUG_AWARENESS=1 -DARM_MATH_CM3 -DDEVICE_SLEEP=1 -DDEVICE_FLASH=1 -DCOMPONENT_PSA_SRV_IMPL=1 -DDEVICE_SPISLAVE=1 -DTARGET_M3 -DDEVICE_PORTOUT=1 -DTARGET_LPC176X -DDEVICE_USBDEVICE=1 -DTARGET_NAME=LPC1768 -DDEVICE_RESET_REASON=1 -DDEVICE_PWMOUT=1 -DDEVICE_I2C=1 -DDEVICE_MPU=1 -DDEVICE_PORTINOUT=1 -DTOOLCHAIN_GCC -DDEVICE_USTICKER=1 -DDEVICE_CAN=1 -DDEVICE_PORTIN=1 -DDEVICE_ANALOGIN=1 -DTARGET_LIKE_MBED -DTARGET_RELEASE -DTARGET_CORTEX -DDEVICE_STDIO_MESSAGES=1 -DDEVICE_LOCALFILESYSTEM=1 -DTARGET_LPCTarget -DDEVICE_ETHERNET=1 -DTOOLCHAIN_GCC_ARM -DDEVICE_WATCHDOG=1 -DTARGET_CORTEX_M -D__MBED__=1 -DDEVICE_RTC=1 -DDEVICE_SEMIHOST=1 -DDEVICE_ANALOGOUT=1 -DTARGET_NXP -D__CMSIS_RTOS -DDEVICE_INTERRUPTIN=1 -DTARGET_NXP_EMAC -D__CORTEX_M3 -DDEVICE_SPI=1 -DTARGET_LIKE_CORTEX_M3 -DDEVICE_SERIAL=1 -DCOMPONENT_PSA_SRV_EMUL=1 -DTARGET_MBED_LPC1768 -DDEVICE_I2CSLAVE=1 -DMBED_BUILD_TIMESTAMP=1590254585.696856 -DTARGET_LPC1768 -DDEVICE_SERIAL_FC=1 -I"/Users/khoahuynh/Downloads/Nucleo_blink_led-4//usr/src/mbed-sdk" -I"/Users/khoahuynh/Downloads/Nucleo_blink_led-4/mbed" -I"/Users/khoahuynh/Downloads/Nucleo_blink_led-4/mbed/TARGET_LPC1768/TOOLCHAIN_GCC_ARM" -I"/Users/khoahuynh/Downloads/Nucleo_blink_led-4/mbed/drivers" -I"/Users/khoahuynh/Downloads/Nucleo_blink_led-4/mbed/hal" -I"/Users/khoahuynh/Downloads/Nucleo_blink_led-4/mbed/platform" -include"/Users/khoahuynh/Downloads/Nucleo_blink_led-4/mbed_config.h" -std=gnu++14 -fabi-version=0 -fno-exceptions -fno-rtti -Wvla -DMBED_DEBUG -DMBED_TRAP_ERRORS_ENABLED=1 -DMBED_ROM_START=0x0 -DMBED_ROM_SIZE=0x80000 -DMBED_RAM1_START=0x2007c000 -DMBED_RAM1_SIZE=0x8000 -DMBED_RAM_START=0x10000000 -DMBED_RAM_SIZE=0x8000 -MMD -MP -MF"main.d" -MT"main.o" -c -o "main.o" "../main.cpp"
/bin/sh: arm-none-eabi-cpp: command not found
make: *** [linker-script-develop.ld] Error 127
/bin/sh: arm-none-eabi-g++: command not found
make: *** [main.o] Error 127
"make -j11 all" terminated with exit code 2. Build might be incomplete.
13:25:47 **** Incremental Build of configuration Debug for project Nucleo_blink_led ****
make -j11 all 
Building file: ../main.cpp
"arm-none-eabi-cpp" -E -P -DMBED_DEBUG -DMBED_TRAP_ERRORS_ENABLED=1 -DMBED_ROM_START=0x0 -DMBED_ROM_SIZE=0x80000 -DMBED_RAM1_START=0x2007c000 -DMBED_RAM1_SIZE=0x8000 -DMBED_RAM_START=0x10000000 -DMBED_RAM_SIZE=0x8000 -Wl,-n -DMBED_ROM_START=0x0 -DMBED_ROM_SIZE=0x80000 -DMBED_RAM1_START=0x2007c000 -DMBED_RAM1_SIZE=0x8000 -DMBED_RAM_START=0x10000000 -DMBED_RAM_SIZE=0x8000 -DMBED_BOOT_STACK_SIZE=4096 -DXIP_ENABLE=0 -Wl,--start-group -lstdc++ -lsupc++ -lm -lc -lgcc -lnosys -Wl,--end-group ../mbed/TARGET_LPC1768/TOOLCHAIN_GCC_ARM/LPC1768.ld -o linker-script-debug.ld
Invoking: Cross ARM C++ Compiler
arm-none-eabi-g++ -mcpu=cortex-m3 -mthumb -Og -fmessage-length=0 -ffunction-sections -fdata-sections -funsigned-char -fno-delete-null-pointer-checks -fomit-frame-pointer -Wall -Wextra -Wno-unused-parameter -Wno-missing-field-initializers  -g3 -DDEVICE_EMAC=1 -DCOMPONENT_NSPE=1 -D__MBED_CMSIS_RTOS_CM -DDEVICE_DEBUG_AWARENESS=1 -DARM_MATH_CM3 -DDEVICE_SLEEP=1 -DDEVICE_FLASH=1 -DCOMPONENT_PSA_SRV_IMPL=1 -DDEVICE_SPISLAVE=1 -DTARGET_M3 -DDEVICE_PORTOUT=1 -DTARGET_LPC176X -DDEVICE_USBDEVICE=1 -DTARGET_NAME=LPC1768 -DDEVICE_RESET_REASON=1 -DDEVICE_PWMOUT=1 -DDEVICE_I2C=1 -DDEVICE_MPU=1 -DDEVICE_PORTINOUT=1 -DTOOLCHAIN_GCC -DDEVICE_USTICKER=1 -DDEVICE_CAN=1 -DDEVICE_PORTIN=1 -DDEVICE_ANALOGIN=1 -DTARGET_LIKE_MBED -DTARGET_RELEASE -DTARGET_CORTEX -DDEVICE_STDIO_MESSAGES=1 -DDEVICE_LOCALFILESYSTEM=1 -DTARGET_LPCTarget -DDEVICE_ETHERNET=1 -DTOOLCHAIN_GCC_ARM -DDEVICE_WATCHDOG=1 -DTARGET_CORTEX_M -D__MBED__=1 -DDEVICE_RTC=1 -DDEVICE_SEMIHOST=1 -DDEVICE_ANALOGOUT=1 -DTARGET_NXP -D__CMSIS_RTOS -DDEVICE_INTERRUPTIN=1 -DTARGET_NXP_EMAC -D__CORTEX_M3 -DDEVICE_SPI=1 -DTARGET_LIKE_CORTEX_M3 -DDEVICE_SERIAL=1 -DCOMPONENT_PSA_SRV_EMUL=1 -DTARGET_MBED_LPC1768 -DDEVICE_I2CSLAVE=1 -DMBED_BUILD_TIMESTAMP=1590254585.696856 -DTARGET_LPC1768 -DDEVICE_SERIAL_FC=1 -I"/Users/khoahuynh/Downloads/Nucleo_blink_led-4//usr/src/mbed-sdk" -I"/Users/khoahuynh/Downloads/Nucleo_blink_led-4/mbed" -I"/Users/khoahuynh/Downloads/Nucleo_blink_led-4/mbed/TARGET_LPC1768/TOOLCHAIN_GCC_ARM" -I"/Users/khoahuynh/Downloads/Nucleo_blink_led-4/mbed/drivers" -I"/Users/khoahuynh/Downloads/Nucleo_blink_led-4/mbed/hal" -I"/Users/khoahuynh/Downloads/Nucleo_blink_led-4/mbed/platform" -include"/Users/khoahuynh/Downloads/Nucleo_blink_led-4/mbed_config.h" -std=gnu++14 -fabi-version=0 -fno-exceptions -fno-rtti -Wvla -DMBED_DEBUG -DMBED_TRAP_ERRORS_ENABLED=1 -DMBED_ROM_START=0x0 -DMBED_ROM_SIZE=0x80000 -DMBED_RAM1_START=0x2007c000 -DMBED_RAM1_SIZE=0x8000 -DMBED_RAM_START=0x10000000 -DMBED_RAM_SIZE=0x8000 -MMD -MP -MF"main.d" -MT"main.o" -c -o "main.o" "../main.cpp"
"arm-none-eabi-cpp" -E -P -DMBED_TRAP_ERRORS_ENABLED=1 -DMBED_ROM_START=0x0 -DMBED_ROM_SIZE=0x80000 -DMBED_RAM1_START=0x2007c000 -DMBED_RAM1_SIZE=0x8000 -DMBED_RAM_START=0x10000000 -DMBED_RAM_SIZE=0x8000 -Wl,-n -DMBED_ROM_START=0x0 -DMBED_ROM_SIZE=0x80000 -DMBED_RAM1_START=0x2007c000 -DMBED_RAM1_SIZE=0x8000 -DMBED_RAM_START=0x10000000 -DMBED_RAM_SIZE=0x8000 -DMBED_BOOT_STACK_SIZE=4096 -DXIP_ENABLE=0 -Wl,--start-group -lstdc++ -lsupc++ -lm -lc -lgcc -lnosys -Wl,--end-group ../mbed/TARGET_LPC1768/TOOLCHAIN_GCC_ARM/LPC1768.ld -o linker-script-develop.ld
"arm-none-eabi-cpp" -E -P -DNDEBUG -DMBED_ROM_START=0x0 -DMBED_ROM_SIZE=0x80000 -DMBED_RAM1_START=0x2007c000 -DMBED_RAM1_SIZE=0x8000 -DMBED_RAM_START=0x10000000 -DMBED_RAM_SIZE=0x8000 -Wl,-n -DMBED_ROM_START=0x0 -DMBED_ROM_SIZE=0x80000 -DMBED_RAM1_START=0x2007c000 -DMBED_RAM1_SIZE=0x8000 -DMBED_RAM_START=0x10000000 -DMBED_RAM_SIZE=0x8000 -DMBED_BOOT_STACK_SIZE=4096 -DXIP_ENABLE=0 -Wl,--start-group -lstdc++ -lsupc++ -lm -lc -lgcc -lnosys -Wl,--end-group ../mbed/TARGET_LPC1768/TOOLCHAIN_GCC_ARM/LPC1768.ld -o linker-script-release.ld
Finished building: ../main.cpp
 
Building target: Nucleo_blink_led.elf
Invoking: Cross ARM C++ Linker
arm-none-eabi-g++ -mcpu=cortex-m3 -mthumb -Og -fmessage-length=0 -ffunction-sections -fdata-sections -funsigned-char -fno-delete-null-pointer-checks -fomit-frame-pointer -Wall -Wextra -Wno-unused-parameter -Wno-missing-field-initializers  -g3 -T "/Users/khoahuynh/Downloads/Nucleo_blink_led-4/Debug/linker-script-debug.ld" -Xlinker --gc-sections -L"/Users/khoahuynh/Downloads/Nucleo_blink_led-4/mbed/TARGET_LPC1768/TOOLCHAIN_GCC_ARM" -Xlinker --wrap=main -Xlinker --wrap=_malloc_r -Xlinker --wrap=_free_r -Xlinker --wrap=_realloc_r -Xlinker --wrap=_memalign_r -Xlinker --wrap=_calloc_r -Xlinker --wrap=exit -Xlinker --wrap=atexit -Wl,-Map,"Nucleo_blink_led.map" -DMBED_DEBUG -DMBED_TRAP_ERRORS_ENABLED=1 -DMBED_ROM_START=0x0 -DMBED_ROM_SIZE=0x80000 -DMBED_RAM1_START=0x2007c000 -DMBED_RAM1_SIZE=0x8000 -DMBED_RAM_START=0x10000000 -DMBED_RAM_SIZE=0x8000 -Wl,-n -DMBED_ROM_START=0x0 -DMBED_ROM_SIZE=0x80000 -DMBED_RAM1_START=0x2007c000 -DMBED_RAM1_SIZE=0x8000 -DMBED_RAM_START=0x10000000 -DMBED_RAM_SIZE=0x8000 -DMBED_BOOT_STACK_SIZE=4096 -DXIP_ENABLE=0 -Wl,--start-group -lstdc++ -lsupc++ -lm -lc -lgcc -lnosys -Wl,--end-group -o "Nucleo_blink_led.elf"  ./main.o  /Users/khoahuynh/Downloads/Nucleo_blink_led-4/mbed/TARGET_LPC1768/TOOLCHAIN_GCC_ARM/CRP.o /Users/khoahuynh/Downloads/Nucleo_blink_led-4/mbed/TARGET_LPC1768/TOOLCHAIN_GCC_ARM/analogin_api.o /Users/khoahuynh/Downloads/Nucleo_blink_led-4/mbed/TARGET_LPC1768/TOOLCHAIN_GCC_ARM/analogout_api.o /Users/khoahuynh/Downloads/Nucleo_blink_led-4/mbed/TARGET_LPC1768/TOOLCHAIN_GCC_ARM/can_api.o /Users/khoahuynh/Downloads/Nucleo_blink_led-4/mbed/TARGET_LPC1768/TOOLCHAIN_GCC_ARM/ethernet_api.o /Users/khoahuynh/Downloads/Nucleo_blink_led-4/mbed/TARGET_LPC1768/TOOLCHAIN_GCC_ARM/except.o /Users/khoahuynh/Downloads/Nucleo_blink_led-4/mbed/TARGET_LPC1768/TOOLCHAIN_GCC_ARM/flash_api.o /Users/khoahuynh/Downloads/Nucleo_blink_led-4/mbed/TARGET_LPC1768/TOOLCHAIN_GCC_ARM/gpio_api.o /Users/khoahuynh/Downloads/Nucleo_blink_led-4/mbed/TARGET_LPC1768/TOOLCHAIN_GCC_ARM/gpio_irq_api.o /Users/khoahuynh/Downloads/Nucleo_blink_led-4/mbed/TARGET_LPC1768/TOOLCHAIN_GCC_ARM/i2c_api.o /Users/khoahuynh/Downloads/Nucleo_blink_led-4/mbed/TARGET_LPC1768/TOOLCHAIN_GCC_ARM/mbed_board.o /Users/khoahuynh/Downloads/Nucleo_blink_led-4/mbed/TARGET_LPC1768/TOOLCHAIN_GCC_ARM/mbed_fault_handler.o /Users/khoahuynh/Downloads/Nucleo_blink_led-4/mbed/TARGET_LPC1768/TOOLCHAIN_GCC_ARM/mbed_retarget.o /Users/khoahuynh/Downloads/Nucleo_blink_led-4/mbed/TARGET_LPC1768/TOOLCHAIN_GCC_ARM/mbed_sdk_boot.o /Users/khoahuynh/Downloads/Nucleo_blink_led-4/mbed/TARGET_LPC1768/TOOLCHAIN_GCC_ARM/mbed_tz_context.o /Users/khoahuynh/Downloads/Nucleo_blink_led-4/mbed/TARGET_LPC1768/TOOLCHAIN_GCC_ARM/pinmap.o /Users/khoahuynh/Downloads/Nucleo_blink_led-4/mbed/TARGET_LPC1768/TOOLCHAIN_GCC_ARM/port_api.o /Users/khoahuynh/Downloads/Nucleo_blink_led-4/mbed/TARGET_LPC1768/TOOLCHAIN_GCC_ARM/pwmout_api.o /Users/khoahuynh/Downloads/Nucleo_blink_led-4/mbed/TARGET_LPC1768/TOOLCHAIN_GCC_ARM/rtc_api.o /Users/khoahuynh/Downloads/Nucleo_blink_led-4/mbed/TARGET_LPC1768/TOOLCHAIN_GCC_ARM/serial_api.o /Users/khoahuynh/Downloads/Nucleo_blink_led-4/mbed/TARGET_LPC1768/TOOLCHAIN_GCC_ARM/sleep.o /Users/khoahuynh/Downloads/Nucleo_blink_led-4/mbed/TARGET_LPC1768/TOOLCHAIN_GCC_ARM/spi_api.o /Users/khoahuynh/Downloads/Nucleo_blink_led-4/mbed/TARGET_LPC1768/TOOLCHAIN_GCC_ARM/startup_LPC17xx.o /Users/khoahuynh/Downloads/Nucleo_blink_led-4/mbed/TARGET_LPC1768/TOOLCHAIN_GCC_ARM/system_LPC17xx.o /Users/khoahuynh/Downloads/Nucleo_blink_led-4/mbed/TARGET_LPC1768/TOOLCHAIN_GCC_ARM/us_ticker.o /Users/khoahuynh/Downloads/Nucleo_blink_led-4/mbed/TARGET_LPC1768/TOOLCHAIN_GCC_ARM/libmbed.a -lstdc++ -lsupc++ -lm -lc -lgcc -lnosys -lmbed
Finished building target: Nucleo_blink_led.elf
 
Invoking: Cross ARM GNU Create Flash Image
arm-none-eabi-objcopy -O binary "Nucleo_blink_led.elf"  "Nucleo_blink_led.bin"
Invoking: Cross ARM GNU Print Size
arm-none-eabi-size --format=berkeley "Nucleo_blink_led.elf"
   text	   data	    bss	    dec	    hex	filename
  33680	   2768	    704	  37152	   9120	Nucleo_blink_led.elf
Finished building: Nucleo_blink_led.bin
Finished building: Nucleo_blink_led.siz
 
 
13:27:30 **** Incremental Build of configuration Debug for project Nucleo_blink_led ****
make -j11 all 
makefile:83: *** missing separator.  Stop.
"make -j11 all" terminated with exit code 2. Build might be incomplete.
14:14:55 **** Incremental Build of configuration Debug for project Nucleo_blink_led ****
make -j11 all 
makefile:83: *** missing separator.  Stop.
"make -j11 all" terminated with exit code 2. Build might be incomplete.
18:11:51 **** Incremental Build of configuration Debug for project Nucleo_blink_led ****
make -j11 all 
Invoking: Cross ARM GNU Print Size
arm-none-eabi-size --format=berkeley "Nucleo_blink_led.elf"
   text	   data	    bss	    dec	    hex	filename
  33680	   2768	    704	  37152	   9120	Nucleo_blink_led.elf
Finished building: Nucleo_blink_led.siz
 
18:12:53 **** Incremental Build of configuration Debug for project Nucleo_blink_led ****
make -j11 all 
Invoking: Cross ARM GNU Print Size
arm-none-eabi-size --format=berkeley "Nucleo_blink_led.elf"
   text	   data	    bss	    dec	    hex	filename
  33680	   2768	    704	  37152	   9120	Nucleo_blink_led.elf
Finished building: Nucleo_blink_led.siz
 
18:14:17 **** Incremental Build of configuration Debug for project Nucleo_blink_led ****
make -j11 all 
Invoking: Cross ARM GNU Print Size
arm-none-eabi-size --format=berkeley "Nucleo_blink_led.elf"
   text	   data	    bss	    dec	    hex	filename
  33680	   2768	    704	  37152	   9120	Nucleo_blink_led.elf
Finished building: Nucleo_blink_led.siz
 
18:18:40 **** Incremental Build of configuration Debug for project Nucleo_blink_led ****
make -j11 all 
Invoking: Cross ARM GNU Print Size
arm-none-eabi-size --format=berkeley "Nucleo_blink_led.elf"
   text	   data	    bss	    dec	    hex	filename
  33680	   2768	    704	  37152	   9120	Nucleo_blink_led.elf
Finished building: Nucleo_blink_led.siz
 
18:18:42 **** Incremental Build of configuration Debug for project Nucleo_blink_led ****
make -j11 all 
Invoking: Cross ARM GNU Print Size
arm-none-eabi-size --format=berkeley "Nucleo_blink_led.elf"
   text	   data	    bss	    dec	    hex	filename
  33680	   2768	    704	  37152	   9120	Nucleo_blink_led.elf
Finished building: Nucleo_blink_led.siz
 
18:18:43 **** Incremental Build of configuration Debug for project Nucleo_blink_led ****
make -j11 all 
Invoking: Cross ARM GNU Print Size
arm-none-eabi-size --format=berkeley "Nucleo_blink_led.elf"
   text	   data	    bss	    dec	    hex	filename
  33680	   2768	    704	  37152	   9120	Nucleo_blink_led.elf
Finished building: Nucleo_blink_led.siz
 
18:20:23 **** Incremental Build of configuration Debug for project Nucleo_blink_led ****
make -j11 all 
Invoking: Cross ARM GNU Print Size
arm-none-eabi-size --format=berkeley "Nucleo_blink_led.elf"
   text	   data	    bss	    dec	    hex	filename
  33680	   2768	    704	  37152	   9120	Nucleo_blink_led.elf
Finished building: Nucleo_blink_led.siz
 
18:20:24 **** Incremental Build of configuration Debug for project Nucleo_blink_led ****
make -j11 all 
Invoking: Cross ARM GNU Print Size
arm-none-eabi-size --format=berkeley "Nucleo_blink_led.elf"
   text	   data	    bss	    dec	    hex	filename
  33680	   2768	    704	  37152	   9120	Nucleo_blink_led.elf
Finished building: Nucleo_blink_led.siz
 
18:20:27 **** Incremental Build of configuration Debug for project Nucleo_blink_led ****
make -j11 all 
Invoking: Cross ARM GNU Print Size
arm-none-eabi-size --format=berkeley "Nucleo_blink_led.elf"
   text	   data	    bss	    dec	    hex	filename
  33680	   2768	    704	  37152	   9120	Nucleo_blink_led.elf
Finished building: Nucleo_blink_led.siz
 
18:21:06 **** Incremental Build of configuration Debug for project Nucleo_blink_led ****
make -j11 all 
Invoking: Cross ARM GNU Print Size
arm-none-eabi-size --format=berkeley "Nucleo_blink_led.elf"
   text	   data	    bss	    dec	    hex	filename
  33680	   2768	    704	  37152	   9120	Nucleo_blink_led.elf
Finished building: Nucleo_blink_led.siz
 
